{
  "RSpec": {
    "coverage": {
      "/home/mihle/YouTube0.2/app/controllers/comments_controller.rb": {
        "lines": [
          1,
          1,
          null,
          1,
          4,
          4,
          4,
          null,
          4,
          4,
          3,
          null,
          null,
          null,
          null,
          null,
          null,
          null,
          4,
          null,
          0,
          null,
          null,
          null,
          1,
          null,
          1,
          4,
          null,
          null
        ]
      },
      "/home/mihle/YouTube0.2/app/controllers/application_controller.rb": {
        "lines": [
          1,
          1,
          null,
          1,
          null,
          1,
          0,
          0,
          null,
          null,
          null
        ]
      },
      "/home/mihle/YouTube0.2/spec/controllers/likes_controller_spec.rb": {
        "lines": [
          1,
          null,
          1,
          4,
          3,
          3,
          null,
          1,
          4,
          null,
          1,
          1,
          1,
          null,
          null,
          1,
          null,
          null,
          1,
          1,
          1,
          null,
          null,
          null,
          1,
          1,
          null,
          1,
          1,
          null,
          null,
          null,
          null
        ]
      },
      "/home/mihle/YouTube0.2/app/controllers/likes_controller.rb": {
        "lines": [
          1,
          1,
          null,
          1,
          6,
          6,
          null,
          6,
          6,
          6,
          null,
          6,
          4,
          null,
          null,
          null,
          null,
          null,
          null,
          null,
          6,
          null,
          null
        ]
      },
      "/home/mihle/YouTube0.2/spec/controllers/notifications_controller_spec.rb": {
        "lines": [
          1,
          null,
          1,
          3,
          3,
          null,
          1,
          2,
          null,
          1,
          1,
          1,
          1,
          null,
          null,
          null,
          1,
          2,
          null,
          1,
          1,
          null,
          1,
          1,
          null,
          null,
          null,
          null
        ]
      },
      "/home/mihle/YouTube0.2/app/controllers/notifications_controller.rb": {
        "lines": [
          1,
          1,
          null,
          1,
          2,
          null,
          null,
          1,
          2,
          2,
          2,
          null,
          null
        ]
      },
      "/home/mihle/YouTube0.2/spec/controllers/posts_controller_spec.rb": {
        "lines": [
          1,
          null,
          1,
          2,
          2,
          2,
          null,
          1,
          1,
          1,
          1,
          null,
          1,
          1,
          null,
          null,
          null,
          null,
          null
        ]
      },
      "/home/mihle/YouTube0.2/app/controllers/posts_controller.rb": {
        "lines": [
          1,
          1,
          null,
          1,
          null,
          5,
          1,
          null,
          4,
          null,
          null,
          null,
          1,
          1,
          1,
          null,
          1,
          1,
          null,
          null,
          null,
          1,
          1,
          null,
          null,
          1,
          null,
          null,
          1,
          2,
          null,
          2,
          2,
          4,
          2,
          null,
          0,
          0,
          null,
          null,
          null,
          null,
          1,
          0,
          0,
          0,
          0,
          null,
          0,
          0,
          null,
          null,
          null,
          null,
          1,
          0,
          0,
          null,
          null,
          null,
          null,
          1,
          null,
          1,
          1,
          null,
          null,
          1,
          2,
          null,
          null
        ]
      },
      "/home/mihle/YouTube0.2/spec/features/footer_spec.rb": {
        "lines": [
          1,
          null,
          1,
          1,
          1,
          null,
          null,
          1,
          1,
          null,
          1,
          1,
          1,
          1,
          1,
          null,
          null
        ]
      },
      "/home/mihle/YouTube0.2/spec/features/navbar_spec.rb": {
        "lines": [
          null,
          1,
          null,
          1,
          2,
          null,
          1,
          1,
          null,
          null,
          1,
          1,
          null,
          1,
          1,
          null,
          null,
          1,
          null,
          null,
          1,
          null,
          null
        ]
      },
      "/home/mihle/YouTube0.2/spec/features/sidebar_spec.rb": {
        "lines": [
          1,
          null,
          1,
          3,
          3,
          3,
          null,
          1,
          2,
          2,
          null,
          null,
          1,
          1,
          null,
          1,
          1,
          1,
          1,
          1,
          null,
          null,
          1,
          1,
          null,
          1,
          null,
          1,
          1,
          null,
          1,
          1,
          1,
          null,
          null
        ]
      },
      "/home/mihle/YouTube0.2/spec/helpers/comments_helper_spec.rb": {
        "lines": [
          1,
          null,
          null,
          null,
          null,
          null,
          null,
          null,
          null,
          null,
          null,
          null,
          null,
          1,
          1,
          1,
          null,
          null
        ]
      },
      "/home/mihle/YouTube0.2/spec/helpers/likes_helper_spec.rb": {
        "lines": [
          1,
          null,
          null,
          null,
          null,
          null,
          null,
          null,
          null,
          null,
          null,
          null,
          null,
          1,
          1,
          1,
          null,
          null
        ]
      },
      "/home/mihle/YouTube0.2/spec/helpers/notifications_helper_spec.rb": {
        "lines": [
          1,
          null,
          null,
          null,
          null,
          null,
          null,
          null,
          null,
          null,
          null,
          null,
          null,
          1,
          1,
          1,
          null,
          null
        ]
      },
      "/home/mihle/YouTube0.2/spec/models/comment_spec.rb": {
        "lines": [
          1,
          null,
          1,
          2,
          2,
          null,
          1,
          1,
          1,
          null,
          1,
          1,
          null,
          null
        ]
      },
      "/home/mihle/YouTube0.2/app/models/comment.rb": {
        "lines": [
          1,
          1,
          1,
          null,
          1,
          1,
          null
        ]
      },
      "/home/mihle/YouTube0.2/spec/models/like_spec.rb": {
        "lines": [
          1,
          null,
          1,
          2,
          2,
          null,
          1,
          1,
          1,
          1,
          null,
          1,
          null,
          1,
          1,
          1,
          null,
          null,
          1,
          1,
          1,
          1,
          null,
          1,
          null,
          1,
          1,
          null,
          null,
          null
        ]
      },
      "/home/mihle/YouTube0.2/app/models/like.rb": {
        "lines": [
          1,
          1,
          1,
          null,
          1,
          null
        ]
      },
      "/home/mihle/YouTube0.2/spec/models/notification_spec.rb": {
        "lines": [
          1,
          null,
          1,
          2,
          2,
          2,
          null,
          1,
          1,
          1,
          1,
          null,
          1,
          1,
          null,
          1,
          1,
          null,
          null,
          null
        ]
      },
      "/home/mihle/YouTube0.2/app/models/notification.rb": {
        "lines": [
          1,
          1,
          1,
          1,
          10,
          null
        ]
      },
      "/home/mihle/YouTube0.2/spec/models/post_spec.rb": {
        "lines": [
          1,
          null,
          1,
          2,
          2,
          2,
          2,
          2,
          2,
          null,
          2,
          null,
          1,
          1,
          1,
          1,
          null,
          null,
          null,
          null
        ]
      },
      "/home/mihle/YouTube0.2/app/models/post.rb": {
        "lines": [
          1,
          1,
          1,
          1,
          1,
          1,
          1,
          1,
          1,
          1,
          1,
          1,
          null,
          null,
          64,
          1,
          null
        ]
      },
      "/home/mihle/YouTube0.2/spec/models/post_view_spec.rb": {
        "lines": [
          1,
          null,
          1,
          2,
          2,
          null,
          1,
          1,
          1,
          1,
          null,
          1,
          null,
          1,
          1,
          null,
          null,
          null
        ]
      },
      "/home/mihle/YouTube0.2/app/models/post_view.rb": {
        "lines": [
          1,
          1,
          1,
          null
        ]
      },
      "/home/mihle/YouTube0.2/spec/models/user_spec.rb": {
        "lines": [
          1,
          null,
          1,
          6,
          null,
          2,
          2,
          2,
          null,
          2,
          2,
          null,
          1,
          1,
          null,
          1,
          1,
          1,
          null,
          null
        ]
      },
      "/home/mihle/YouTube0.2/spec/requests/comments_spec.rb": {
        "lines": [
          1,
          null,
          1,
          2,
          2,
          null,
          1,
          1,
          1,
          null,
          1,
          1,
          null,
          null
        ]
      },
      "/home/mihle/YouTube0.2/spec/requests/likes_spec.rb": {
        "lines": [
          1,
          null,
          1,
          5,
          4,
          null,
          1,
          1,
          1,
          1,
          null,
          null,
          1,
          1,
          1,
          1,
          null,
          null,
          1,
          null,
          null,
          1,
          1,
          1,
          1,
          null,
          null,
          null,
          1,
          1,
          1,
          1,
          1,
          null,
          null,
          null,
          null
        ]
      },
      "/home/mihle/YouTube0.2/spec/requests/notifications_spec.rb": {
        "lines": [
          1,
          null,
          1,
          4,
          4,
          null,
          1,
          1,
          1,
          1,
          null,
          null,
          1,
          1,
          1,
          1,
          1,
          null,
          null,
          null,
          1,
          1,
          1,
          1,
          null,
          1,
          1,
          null,
          null,
          null
        ]
      },
      "/home/mihle/YouTube0.2/spec/requests/posts_spec.rb": {
        "lines": [
          1,
          null,
          1,
          2,
          2,
          null,
          1,
          1,
          null,
          null,
          1,
          1,
          1,
          null,
          null,
          1,
          null,
          null
        ]
      },
      "/home/mihle/YouTube0.2/spec/views/comments/create.html.erb_spec.rb": {
        "lines": [
          1,
          null,
          1,
          1,
          null
        ]
      },
      "/home/mihle/YouTube0.2/spec/views/comments/destroy.html.erb_spec.rb": {
        "lines": [
          1,
          null,
          1,
          1,
          null
        ]
      },
      "/home/mihle/YouTube0.2/spec/views/likes/create.html.erb_spec.rb": {
        "lines": [
          1,
          null,
          1,
          1,
          null
        ]
      },
      "/home/mihle/YouTube0.2/spec/views/notifications/index.html.erb_spec.rb": {
        "lines": [
          1,
          null,
          1,
          1,
          null
        ]
      }
    },
    "timestamp": 1764323199
  }
}
